0 silly argv {
0 silly argv   _: [ 'version' ],
0 silly argv   'conventional-commits': true,
0 silly argv   conventionalCommits: true,
0 silly argv   push: false,
0 silly argv   m: 'chore(release): publish %s',
0 silly argv   message: 'chore(release): publish %s',
0 silly argv   lernaVersion: '3.22.1',
0 silly argv   '$0': 'node_modules/.bin/lerna'
0 silly argv }
1 notice cli v3.22.1
2 verbose rootPath /Users/eoghanoloughlin/Code/lerna-testing
3 info versioning independent
4 silly isAnythingCommitted
5 verbose isAnythingCommitted 1
6 silly currentBranch
7 verbose currentBranch main
8 silly hasTags
9 verbose hasTags true
10 silly git-describe.sync "8c11703" => {"refCount":"1","sha":"8c11703","isDirty":false}
11 info Assuming all packages changed
12 verbose updated @eoghan/first
13 verbose updated @eoghan/second
14 verbose updated @eoghan/third
15 verbose git-describe undefined => "8c11703"
16 silly git-describe parsed => {"refCount":"1","sha":"8c11703","isDirty":false}
17 silly independent for @eoghan/first at /Users/eoghanoloughlin/Code/lerna-testing/packages/first
18 verbose getChangelogConfig using preset "conventional-changelog-angular"
19 silly npa Result {
19 silly npa   type: 'tag',
19 silly npa   registry: true,
19 silly npa   where: undefined,
19 silly npa   raw: 'conventional-changelog-angular',
19 silly npa   name: 'conventional-changelog-angular',
19 silly npa   escapedName: 'conventional-changelog-angular',
19 silly npa   scope: undefined,
19 silly npa   rawSpec: '',
19 silly npa   saveSpec: null,
19 silly npa   fetchSpec: 'latest',
19 silly npa   gitRange: undefined,
19 silly npa   gitCommittish: undefined,
19 silly npa   hosted: undefined
19 silly npa }
20 verbose getChangelogConfig Attempting to resolve preset "conventional-changelog-angular"
21 info getChangelogConfig Successfully resolved preset "conventional-changelog-angular"
22 verbose independent increment 0.0.1 by patch
23 silly independent for @eoghan/second at /Users/eoghanoloughlin/Code/lerna-testing/packages/second
24 verbose independent increment 0.0.1 by patch
25 silly independent for @eoghan/third at /Users/eoghanoloughlin/Code/lerna-testing/packages/third
26 verbose independent increment 0.0.1 by patch
27 info execute Skipping git push
28 info execute Skipping releases
29 silly lifecycle No script for "preversion" in "lerna-testing", continuing
30 silly lifecycle No script for "preversion" in "@eoghan/first", continuing
31 silly lifecycle No script for "preversion" in "@eoghan/second", continuing
32 silly lifecycle No script for "preversion" in "@eoghan/third", continuing
33 silly lifecycle No script for "version" in "@eoghan/first", continuing
34 silly independent for @eoghan/first at /Users/eoghanoloughlin/Code/lerna-testing/packages/first
35 silly lifecycle No script for "version" in "@eoghan/third", continuing
36 silly independent for @eoghan/third at /Users/eoghanoloughlin/Code/lerna-testing/packages/third
37 silly lifecycle No script for "version" in "@eoghan/second", continuing
38 silly independent for @eoghan/second at /Users/eoghanoloughlin/Code/lerna-testing/packages/second
39 silly independent writing new entry: "## 0.0.2 (2021-02-03)\n\n**Note:** Version bump only for package @eoghan/first\n\n\n\n"
40 silly independent writing new entry: "## 0.0.2 (2021-02-03)\n\n**Note:** Version bump only for package @eoghan/third\n\n\n\n"
41 silly independent writing new entry: "## 0.0.2 (2021-02-03)\n\n**Note:** Version bump only for package @eoghan/second\n\n\n\n"
42 verbose independent wrote /Users/eoghanoloughlin/Code/lerna-testing/packages/first/CHANGELOG.md
43 verbose independent wrote /Users/eoghanoloughlin/Code/lerna-testing/packages/third/CHANGELOG.md
44 verbose independent wrote /Users/eoghanoloughlin/Code/lerna-testing/packages/second/CHANGELOG.md
45 silly lifecycle No script for "version" in "lerna-testing", continuing
46 silly gitAdd [
46 silly gitAdd   'packages/first/package.json',
46 silly gitAdd   'packages/third/package.json',
46 silly gitAdd   'packages/second/package.json',
46 silly gitAdd   'packages/first/CHANGELOG.md',
46 silly gitAdd   'packages/third/CHANGELOG.md',
46 silly gitAdd   'packages/second/CHANGELOG.md'
46 silly gitAdd ]
47 silly gitCommit chore(release): publish %s
47 silly gitCommit
47 silly gitCommit  - @eoghan/first@0.0.2
47 silly gitCommit  - @eoghan/second@0.0.2
47 silly gitCommit  - @eoghan/third@0.0.2
48 verbose git [
48 verbose git   'commit',
48 verbose git   '-F',
48 verbose git   '/private/var/folders/9k/wt0q2xj13vs728l71yv_rbh80000gn/T/41763221-1a46-454a-aa89-4d43c16fd44f/lerna-commit.txt'
48 verbose git ]
49 silly gitTag @eoghan/first@0.0.2
50 verbose git [ 'tag', '@eoghan/first@0.0.2', '-m', '@eoghan/first@0.0.2' ]
51 silly gitTag @eoghan/second@0.0.2
52 verbose git [ 'tag', '@eoghan/second@0.0.2', '-m', '@eoghan/second@0.0.2' ]
53 silly gitTag @eoghan/third@0.0.2
54 verbose git [ 'tag', '@eoghan/third@0.0.2', '-m', '@eoghan/third@0.0.2' ]
55 error Error: Command failed: git tag @eoghan/first@0.0.2 -m @eoghan/first@0.0.2
55 error fatal: tag '@eoghan/first@0.0.2' already exists
55 error
55 error     at makeError (/Users/eoghanoloughlin/Code/lerna-testing/node_modules/execa/index.js:174:9)
55 error     at /Users/eoghanoloughlin/Code/lerna-testing/node_modules/execa/index.js:278:16
55 error     at processTicksAndRejections (internal/process/task_queues.js:93:5)
